  ai_aotc.c
  ai_hybrid.c
  ai_main.c
  ai_tab.c
  ai_util.c
  ai_wpnav.c
  AnimalNPC.c
  aotctc_holocron.c
  bg_g2_utils.c
  bg_misc.c
  bg_panimate.c
  bg_pmove.c
  bg_saber.c
  bg_saberLoad.c
  bg_saga.c
  bg_slidemove.c
  bg_vehicleLoad.c
  bg_weapons.c
  FighterNPC.c
  g_active.c
  Generating Code...
  Compiling...
  g_arenas.c
  g_autosave.c
  g_bot.c
  g_breakable.c
  g_camera.c
  g_client.c
  g_cmds.c
  g_combat.c
  g_crash.c
  g_dynmusic.c
  g_exphysics.c
  g_ICARUScb.c
  g_items.c
  g_log.c
  g_main.c
  g_mem.c
  g_misc.c
  g_missile.c
  g_mover.c
  g_nav.c
  Generating Code...
  Compiling...
  g_navnew.c
  g_object.c
  g_roff.c
  g_saberbeh.c
  g_saga.c
  g_session.c
  g_spawn.c
  g_strap.c
  g_svcmds.c
  g_syscalls.c
  g_target.c
  g_team.c
  g_timer.c
  g_trigger.c
  g_turret.c
  g_turret_G2.c
  g_utils.c
  g_vehicles.c
  g_vehicleTurret.c
  g_weapon.c
  Generating Code...
  Compiling...
  NPC.c
  NPC_AI_AssassinDroid.c
  NPC_AI_Atst.c
  NPC_AI_Civilian.c
  NPC_AI_Default.c
  NPC_AI_Droid.c
  NPC_AI_GalakMech.c
  NPC_AI_Grenadier.c
  NPC_AI_Howler.c
  NPC_AI_ImperialProbe.c
  NPC_AI_Interrogator.c
  NPC_AI_Jedi.c
  NPC_AI_Mark1.c
  NPC_AI_Mark2.c
  NPC_AI_MineMonster.c
  NPC_AI_Rancor.c
  NPC_AI_Remote.c
  NPC_AI_RocketTrooper.c
  NPC_AI_SaberDroid.c
  NPC_AI_Sand_creature.c
  Generating Code...
  Compiling...
  NPC_AI_Seeker.c
  NPC_AI_Sentry.c
  NPC_AI_Sniper.c
  NPC_AI_Stormtrooper.c
  NPC_AI_Utils.c
  NPC_AI_Wampa.c
  NPC_behavior.c
  NPC_combat.c
  NPC_goal.c
  NPC_misc.c
  NPC_move.c
  NPC_reactions.c
  NPC_senses.c
  NPC_sounds.c
  NPC_spawn.c
  NPC_stats.c
  NPC_utils.c
  NPC_Vehicle.c
  q_math.c
  q_shared.c
  Generating Code...
  Compiling...
  SpeederNPC.c
  tri_coll_test.c
  w_force.c
  w_saber.c
  WalkerNPC.c
  Generating Code...
     Creating library .\../Debug/jampgamex86.lib and object .\../Debug/jampgamex86.exp
  JK2_game.vcxproj -> E:\Program Files (x86)\LucasArts\Star Wars Jedi Knight Jedi Academy (III)\GameData\ojpenhanced\jampgamex86.dll
