  AnimalNPC.c
  bg_g2_utils.c
  bg_misc.c
  bg_panimate.c
  bg_pmove.c
  bg_saber.c
  bg_saberLoad.c
  bg_saga.c
  bg_slidemove.c
  bg_vehicleLoad.c
  bg_weapons.c
  cg_camera.c
  cg_consolecmds.c
  cg_draw.c
  cg_drawtools.c
  cg_effects.c
  cg_ents.c
  cg_event.c
  cg_holster.c
  cg_info.c
  Generating Code...
  Compiling...
  cg_light.c
  cg_localents.c
  cg_main.c
  cg_marks.c
  cg_newDraw.c
  cg_players.c
  cg_playerstate.c
  cg_predict.c
  cg_saga.c
  cg_scoreboard.c
  cg_servercmds.c
  cg_snapshot.c
  cg_strap.c
  cg_syscalls.c
  cg_turret.c
  cg_view.c
  cg_weaponinit.c
  cg_weapons.c
  FighterNPC.c
  fx_blaster.c
  Generating Code...
  Compiling...
  fx_bowcaster.c
  fx_bryarpistol.c
  fx_demp2.c
  fx_disruptor.c
  fx_flechette.c
  fx_force.c
  fx_heavyrepeater.c
  fx_rocketlauncher.c
  q_math.c
  q_shared.c
  SpeederNPC.c
  ui_shared.c
  WalkerNPC.c
  Generating Code...
AnimalNPC.obj : warning LNK4075: ignoring '/EDITANDCONTINUE' due to '/SAFESEH' specification
     Creating library .\../Debug/cgamex86.lib and object .\../Debug/cgamex86.exp
  JK2_cgame.vcxproj -> E:\Program Files (x86)\LucasArts\Star Wars Jedi Knight Jedi Academy (III)\GameData\ojpenhanced\cgamex86.dll
