cl : command line warning D9035: option 'Gm' has been deprecated and will be removed in a future release
  WalkerNPC.c
C:\Users\sebda\OneDrive\Desktop\OJP-Enhanced-Universe-master\source\game\q_shared.h(247,1): fatal error C1189: #error:  "Architecture not supported"
  w_saber.c
C:\Users\sebda\OneDrive\Desktop\OJP-Enhanced-Universe-master\source\game\q_shared.h(247,1): fatal error C1189: #error:  "Architecture not supported"
  w_force.c
C:\Users\sebda\OneDrive\Desktop\OJP-Enhanced-Universe-master\source\game\q_shared.h(247,1): fatal error C1189: #error:  "Architecture not supported"
  tri_coll_test.c
C:\Users\sebda\OneDrive\Desktop\OJP-Enhanced-Universe-master\source\game\q_shared.h(247,1): fatal error C1189: #error:  "Architecture not supported"
  SpeederNPC.c
C:\Users\sebda\OneDrive\Desktop\OJP-Enhanced-Universe-master\source\game\q_shared.h(247,1): fatal error C1189: #error:  "Architecture not supported"
  q_shared.c
C:\Users\sebda\OneDrive\Desktop\OJP-Enhanced-Universe-master\source\game\q_shared.h(247,1): fatal error C1189: #error:  "Architecture not supported"
  q_math.c
C:\Users\sebda\OneDrive\Desktop\OJP-Enhanced-Universe-master\source\game\q_shared.h(247,1): fatal error C1189: #error:  "Architecture not supported"
  NPC_Vehicle.c
C:\Users\sebda\OneDrive\Desktop\OJP-Enhanced-Universe-master\source\game\q_shared.h(247,1): fatal error C1189: #error:  "Architecture not supported"
  NPC_utils.c
C:\Users\sebda\OneDrive\Desktop\OJP-Enhanced-Universe-master\source\game\q_shared.h(247,1): fatal error C1189: #error:  "Architecture not supported"
  NPC_stats.c
C:\Users\sebda\OneDrive\Desktop\OJP-Enhanced-Universe-master\source\game\q_shared.h(247,1): fatal error C1189: #error:  "Architecture not supported"
  NPC_spawn.c
C:\Users\sebda\OneDrive\Desktop\OJP-Enhanced-Universe-master\source\game\q_shared.h(247,1): fatal error C1189: #error:  "Architecture not supported"
  NPC_sounds.c
C:\Users\sebda\OneDrive\Desktop\OJP-Enhanced-Universe-master\source\game\q_shared.h(247,1): fatal error C1189: #error:  "Architecture not supported"
  NPC_senses.c
C:\Users\sebda\OneDrive\Desktop\OJP-Enhanced-Universe-master\source\game\q_shared.h(247,1): fatal error C1189: #error:  "Architecture not supported"
  NPC_reactions.c
C:\Users\sebda\OneDrive\Desktop\OJP-Enhanced-Universe-master\source\game\q_shared.h(247,1): fatal error C1189: #error:  "Architecture not supported"
  NPC_move.c
C:\Users\sebda\OneDrive\Desktop\OJP-Enhanced-Universe-master\source\game\q_shared.h(247,1): fatal error C1189: #error:  "Architecture not supported"
  NPC_misc.c
C:\Users\sebda\OneDrive\Desktop\OJP-Enhanced-Universe-master\source\game\q_shared.h(247,1): fatal error C1189: #error:  "Architecture not supported"
  NPC_goal.c
C:\Users\sebda\OneDrive\Desktop\OJP-Enhanced-Universe-master\source\game\q_shared.h(247,1): fatal error C1189: #error:  "Architecture not supported"
  NPC_combat.c
C:\Users\sebda\OneDrive\Desktop\OJP-Enhanced-Universe-master\source\game\q_shared.h(247,1): fatal error C1189: #error:  "Architecture not supported"
  NPC_behavior.c
C:\Users\sebda\OneDrive\Desktop\OJP-Enhanced-Universe-master\source\game\q_shared.h(247,1): fatal error C1189: #error:  "Architecture not supported"
  NPC_AI_Wampa.c
C:\Users\sebda\OneDrive\Desktop\OJP-Enhanced-Universe-master\source\game\q_shared.h(247,1): fatal error C1189: #error:  "Architecture not supported"
  Generating Code...
  Compiling...
  NPC_AI_Utils.c
C:\Users\sebda\OneDrive\Desktop\OJP-Enhanced-Universe-master\source\game\q_shared.h(247,1): fatal error C1189: #error:  "Architecture not supported"
  NPC_AI_Stormtrooper.c
C:\Users\sebda\OneDrive\Desktop\OJP-Enhanced-Universe-master\source\game\q_shared.h(247,1): fatal error C1189: #error:  "Architecture not supported"
  NPC_AI_Sniper.c
C:\Users\sebda\OneDrive\Desktop\OJP-Enhanced-Universe-master\source\game\q_shared.h(247,1): fatal error C1189: #error:  "Architecture not supported"
  NPC_AI_Sentry.c
C:\Users\sebda\OneDrive\Desktop\OJP-Enhanced-Universe-master\source\game\q_shared.h(247,1): fatal error C1189: #error:  "Architecture not supported"
  NPC_AI_Seeker.c
C:\Users\sebda\OneDrive\Desktop\OJP-Enhanced-Universe-master\source\game\q_shared.h(247,1): fatal error C1189: #error:  "Architecture not supported"
  NPC_AI_Sand_creature.c
C:\Users\sebda\OneDrive\Desktop\OJP-Enhanced-Universe-master\source\game\q_shared.h(247,1): fatal error C1189: #error:  "Architecture not supported"
  NPC_AI_SaberDroid.c
C:\Users\sebda\OneDrive\Desktop\OJP-Enhanced-Universe-master\source\game\q_shared.h(247,1): fatal error C1189: #error:  "Architecture not supported"
  NPC_AI_RocketTrooper.c
C:\Users\sebda\OneDrive\Desktop\OJP-Enhanced-Universe-master\source\game\q_shared.h(247,1): fatal error C1189: #error:  "Architecture not supported"
  NPC_AI_Remote.c
C:\Users\sebda\OneDrive\Desktop\OJP-Enhanced-Universe-master\source\game\q_shared.h(247,1): fatal error C1189: #error:  "Architecture not supported"
  NPC_AI_Rancor.c
C:\Users\sebda\OneDrive\Desktop\OJP-Enhanced-Universe-master\source\game\q_shared.h(247,1): fatal error C1189: #error:  "Architecture not supported"
  NPC_AI_MineMonster.c
C:\Users\sebda\OneDrive\Desktop\OJP-Enhanced-Universe-master\source\game\q_shared.h(247,1): fatal error C1189: #error:  "Architecture not supported"
  NPC_AI_Mark2.c
C:\Users\sebda\OneDrive\Desktop\OJP-Enhanced-Universe-master\source\game\q_shared.h(247,1): fatal error C1189: #error:  "Architecture not supported"
  NPC_AI_Mark1.c
C:\Users\sebda\OneDrive\Desktop\OJP-Enhanced-Universe-master\source\game\q_shared.h(247,1): fatal error C1189: #error:  "Architecture not supported"
  NPC_AI_Jedi.c
C:\Users\sebda\OneDrive\Desktop\OJP-Enhanced-Universe-master\source\game\q_shared.h(247,1): fatal error C1189: #error:  "Architecture not supported"
  NPC_AI_Interrogator.c
C:\Users\sebda\OneDrive\Desktop\OJP-Enhanced-Universe-master\source\game\q_shared.h(247,1): fatal error C1189: #error:  "Architecture not supported"
  NPC_AI_ImperialProbe.c
C:\Users\sebda\OneDrive\Desktop\OJP-Enhanced-Universe-master\source\game\q_shared.h(247,1): fatal error C1189: #error:  "Architecture not supported"
  NPC_AI_Howler.c
C:\Users\sebda\OneDrive\Desktop\OJP-Enhanced-Universe-master\source\game\q_shared.h(247,1): fatal error C1189: #error:  "Architecture not supported"
  NPC_AI_Grenadier.c
C:\Users\sebda\OneDrive\Desktop\OJP-Enhanced-Universe-master\source\game\q_shared.h(247,1): fatal error C1189: #error:  "Architecture not supported"
  NPC_AI_GalakMech.c
C:\Users\sebda\OneDrive\Desktop\OJP-Enhanced-Universe-master\source\game\q_shared.h(247,1): fatal error C1189: #error:  "Architecture not supported"
  NPC_AI_Droid.c
C:\Users\sebda\OneDrive\Desktop\OJP-Enhanced-Universe-master\source\game\q_shared.h(247,1): fatal error C1189: #error:  "Architecture not supported"
  Generating Code...
  Compiling...
  NPC_AI_Default.c
C:\Users\sebda\OneDrive\Desktop\OJP-Enhanced-Universe-master\source\game\q_shared.h(247,1): fatal error C1189: #error:  "Architecture not supported"
  NPC_AI_Civilian.c
C:\Users\sebda\OneDrive\Desktop\OJP-Enhanced-Universe-master\source\game\q_shared.h(247,1): fatal error C1189: #error:  "Architecture not supported"
  NPC_AI_Atst.c
C:\Users\sebda\OneDrive\Desktop\OJP-Enhanced-Universe-master\source\game\q_shared.h(247,1): fatal error C1189: #error:  "Architecture not supported"
  NPC_AI_AssassinDroid.c
C:\Users\sebda\OneDrive\Desktop\OJP-Enhanced-Universe-master\source\game\q_shared.h(247,1): fatal error C1189: #error:  "Architecture not supported"
  NPC.c
C:\Users\sebda\OneDrive\Desktop\OJP-Enhanced-Universe-master\source\game\q_shared.h(247,1): fatal error C1189: #error:  "Architecture not supported"
  g_weapon.c
C:\Users\sebda\OneDrive\Desktop\OJP-Enhanced-Universe-master\source\game\q_shared.h(247,1): fatal error C1189: #error:  "Architecture not supported"
  g_vehicleTurret.c
C:\Users\sebda\OneDrive\Desktop\OJP-Enhanced-Universe-master\source\game\q_shared.h(247,1): fatal error C1189: #error:  "Architecture not supported"
  g_vehicles.c
C:\Users\sebda\OneDrive\Desktop\OJP-Enhanced-Universe-master\source\game\q_shared.h(247,1): fatal error C1189: #error:  "Architecture not supported"
  g_utils.c
C:\Users\sebda\OneDrive\Desktop\OJP-Enhanced-Universe-master\source\game\q_shared.h(247,1): fatal error C1189: #error:  "Architecture not supported"
  g_turret_G2.c
C:\Users\sebda\OneDrive\Desktop\OJP-Enhanced-Universe-master\source\game\q_shared.h(247,1): fatal error C1189: #error:  "Architecture not supported"
  g_turret.c
C:\Users\sebda\OneDrive\Desktop\OJP-Enhanced-Universe-master\source\game\q_shared.h(247,1): fatal error C1189: #error:  "Architecture not supported"
  g_trigger.c
C:\Users\sebda\OneDrive\Desktop\OJP-Enhanced-Universe-master\source\game\q_shared.h(247,1): fatal error C1189: #error:  "Architecture not supported"
  g_timer.c
C:\Users\sebda\OneDrive\Desktop\OJP-Enhanced-Universe-master\source\game\q_shared.h(247,1): fatal error C1189: #error:  "Architecture not supported"
  g_team.c
C:\Users\sebda\OneDrive\Desktop\OJP-Enhanced-Universe-master\source\game\q_shared.h(247,1): fatal error C1189: #error:  "Architecture not supported"
  g_target.c
C:\Users\sebda\OneDrive\Desktop\OJP-Enhanced-Universe-master\source\game\q_shared.h(247,1): fatal error C1189: #error:  "Architecture not supported"
  g_syscalls.c
C:\Users\sebda\OneDrive\Desktop\OJP-Enhanced-Universe-master\source\game\q_shared.h(247,1): fatal error C1189: #error:  "Architecture not supported"
  g_svcmds.c
C:\Users\sebda\OneDrive\Desktop\OJP-Enhanced-Universe-master\source\game\q_shared.h(247,1): fatal error C1189: #error:  "Architecture not supported"
  g_strap.c
C:\Users\sebda\OneDrive\Desktop\OJP-Enhanced-Universe-master\source\game\q_shared.h(247,1): fatal error C1189: #error:  "Architecture not supported"
  g_spawn.c
C:\Users\sebda\OneDrive\Desktop\OJP-Enhanced-Universe-master\source\game\q_shared.h(247,1): fatal error C1189: #error:  "Architecture not supported"
  g_session.c
C:\Users\sebda\OneDrive\Desktop\OJP-Enhanced-Universe-master\source\game\q_shared.h(247,1): fatal error C1189: #error:  "Architecture not supported"
  Generating Code...
  Compiling...
  g_saga.c
C:\Users\sebda\OneDrive\Desktop\OJP-Enhanced-Universe-master\source\game\q_shared.h(247,1): fatal error C1189: #error:  "Architecture not supported"
  g_saberbeh.c
C:\Users\sebda\OneDrive\Desktop\OJP-Enhanced-Universe-master\source\game\q_shared.h(247,1): fatal error C1189: #error:  "Architecture not supported"
  g_roff.c
C:\Users\sebda\OneDrive\Desktop\OJP-Enhanced-Universe-master\source\game\q_shared.h(247,1): fatal error C1189: #error:  "Architecture not supported"
  g_object.c
C:\Users\sebda\OneDrive\Desktop\OJP-Enhanced-Universe-master\source\game\q_shared.h(247,1): fatal error C1189: #error:  "Architecture not supported"
  g_navnew.c
C:\Users\sebda\OneDrive\Desktop\OJP-Enhanced-Universe-master\source\game\q_shared.h(247,1): fatal error C1189: #error:  "Architecture not supported"
  g_nav.c
C:\Users\sebda\OneDrive\Desktop\OJP-Enhanced-Universe-master\source\game\q_shared.h(247,1): fatal error C1189: #error:  "Architecture not supported"
  g_mover.c
C:\Users\sebda\OneDrive\Desktop\OJP-Enhanced-Universe-master\source\game\q_shared.h(247,1): fatal error C1189: #error:  "Architecture not supported"
  g_missile.c
C:\Users\sebda\OneDrive\Desktop\OJP-Enhanced-Universe-master\source\game\q_shared.h(247,1): fatal error C1189: #error:  "Architecture not supported"
  g_misc.c
C:\Users\sebda\OneDrive\Desktop\OJP-Enhanced-Universe-master\source\game\q_shared.h(247,1): fatal error C1189: #error:  "Architecture not supported"
  g_mem.c
C:\Users\sebda\OneDrive\Desktop\OJP-Enhanced-Universe-master\source\game\q_shared.h(247,1): fatal error C1189: #error:  "Architecture not supported"
  g_main.c
C:\Users\sebda\OneDrive\Desktop\OJP-Enhanced-Universe-master\source\game\q_shared.h(247,1): fatal error C1189: #error:  "Architecture not supported"
  g_log.c
C:\Users\sebda\OneDrive\Desktop\OJP-Enhanced-Universe-master\source\game\q_shared.h(247,1): fatal error C1189: #error:  "Architecture not supported"
  g_items.c
C:\Users\sebda\OneDrive\Desktop\OJP-Enhanced-Universe-master\source\game\q_shared.h(247,1): fatal error C1189: #error:  "Architecture not supported"
  g_ICARUScb.c
C:\Users\sebda\OneDrive\Desktop\OJP-Enhanced-Universe-master\source\game\q_shared.h(247,1): fatal error C1189: #error:  "Architecture not supported"
  g_exphysics.c
C:\Users\sebda\OneDrive\Desktop\OJP-Enhanced-Universe-master\source\game\q_shared.h(247,1): fatal error C1189: #error:  "Architecture not supported"
  g_dynmusic.c
C:\Users\sebda\OneDrive\Desktop\OJP-Enhanced-Universe-master\source\game\q_shared.h(247,1): fatal error C1189: #error:  "Architecture not supported"
  g_crash.c
C:\Users\sebda\OneDrive\Desktop\OJP-Enhanced-Universe-master\source\game\q_shared.h(247,1): fatal error C1189: #error:  "Architecture not supported"
  g_combat.c
C:\Users\sebda\OneDrive\Desktop\OJP-Enhanced-Universe-master\source\game\q_shared.h(247,1): fatal error C1189: #error:  "Architecture not supported"
  g_cmds.c
C:\Users\sebda\OneDrive\Desktop\OJP-Enhanced-Universe-master\source\game\q_shared.h(247,1): fatal error C1189: #error:  "Architecture not supported"
  g_client.c
C:\Users\sebda\OneDrive\Desktop\OJP-Enhanced-Universe-master\source\game\q_shared.h(247,1): fatal error C1189: #error:  "Architecture not supported"
  Generating Code...
  Compiling...
  g_camera.c
C:\Users\sebda\OneDrive\Desktop\OJP-Enhanced-Universe-master\source\game\q_shared.h(247,1): fatal error C1189: #error:  "Architecture not supported"
  g_breakable.c
C:\Users\sebda\OneDrive\Desktop\OJP-Enhanced-Universe-master\source\game\q_shared.h(247,1): fatal error C1189: #error:  "Architecture not supported"
  g_bot.c
C:\Users\sebda\OneDrive\Desktop\OJP-Enhanced-Universe-master\source\game\q_shared.h(247,1): fatal error C1189: #error:  "Architecture not supported"
  g_autosave.c
C:\Users\sebda\OneDrive\Desktop\OJP-Enhanced-Universe-master\source\game\q_shared.h(247,1): fatal error C1189: #error:  "Architecture not supported"
  g_arenas.c
C:\Users\sebda\OneDrive\Desktop\OJP-Enhanced-Universe-master\source\game\q_shared.h(247,1): fatal error C1189: #error:  "Architecture not supported"
  g_active.c
C:\Users\sebda\OneDrive\Desktop\OJP-Enhanced-Universe-master\source\game\q_shared.h(247,1): fatal error C1189: #error:  "Architecture not supported"
  FighterNPC.c
C:\Users\sebda\OneDrive\Desktop\OJP-Enhanced-Universe-master\source\game\q_shared.h(247,1): fatal error C1189: #error:  "Architecture not supported"
  bg_weapons.c
C:\Users\sebda\OneDrive\Desktop\OJP-Enhanced-Universe-master\source\game\q_shared.h(247,1): fatal error C1189: #error:  "Architecture not supported"
  bg_vehicleLoad.c
C:\Users\sebda\OneDrive\Desktop\OJP-Enhanced-Universe-master\source\game\q_shared.h(247,1): fatal error C1189: #error:  "Architecture not supported"
  bg_slidemove.c
C:\Users\sebda\OneDrive\Desktop\OJP-Enhanced-Universe-master\source\game\q_shared.h(247,1): fatal error C1189: #error:  "Architecture not supported"
  bg_saga.c
C:\Users\sebda\OneDrive\Desktop\OJP-Enhanced-Universe-master\source\game\q_shared.h(247,1): fatal error C1189: #error:  "Architecture not supported"
  bg_saberLoad.c
C:\Users\sebda\OneDrive\Desktop\OJP-Enhanced-Universe-master\source\game\q_shared.h(247,1): fatal error C1189: #error:  "Architecture not supported"
  bg_saber.c
C:\Users\sebda\OneDrive\Desktop\OJP-Enhanced-Universe-master\source\game\q_shared.h(247,1): fatal error C1189: #error:  "Architecture not supported"
  bg_pmove.c
C:\Users\sebda\OneDrive\Desktop\OJP-Enhanced-Universe-master\source\game\q_shared.h(247,1): fatal error C1189: #error:  "Architecture not supported"
  bg_panimate.c
C:\Users\sebda\OneDrive\Desktop\OJP-Enhanced-Universe-master\source\game\q_shared.h(247,1): fatal error C1189: #error:  "Architecture not supported"
  bg_misc.c
C:\Users\sebda\OneDrive\Desktop\OJP-Enhanced-Universe-master\source\game\q_shared.h(247,1): fatal error C1189: #error:  "Architecture not supported"
  bg_g2_utils.c
C:\Users\sebda\OneDrive\Desktop\OJP-Enhanced-Universe-master\source\game\q_shared.h(247,1): fatal error C1189: #error:  "Architecture not supported"
  aotctc_holocron.c
C:\Users\sebda\OneDrive\Desktop\OJP-Enhanced-Universe-master\source\game\q_shared.h(247,1): fatal error C1189: #error:  "Architecture not supported"
  AnimalNPC.c
C:\Users\sebda\OneDrive\Desktop\OJP-Enhanced-Universe-master\source\game\q_shared.h(247,1): fatal error C1189: #error:  "Architecture not supported"
  ai_wpnav.c
C:\Users\sebda\OneDrive\Desktop\OJP-Enhanced-Universe-master\source\game\q_shared.h(247,1): fatal error C1189: #error:  "Architecture not supported"
  Generating Code...
  Compiling...
  ai_util.c
C:\Users\sebda\OneDrive\Desktop\OJP-Enhanced-Universe-master\source\game\q_shared.h(247,1): fatal error C1189: #error:  "Architecture not supported"
  ai_tab.c
C:\Users\sebda\OneDrive\Desktop\OJP-Enhanced-Universe-master\source\game\q_shared.h(247,1): fatal error C1189: #error:  "Architecture not supported"
  ai_main.c
C:\Users\sebda\OneDrive\Desktop\OJP-Enhanced-Universe-master\source\game\q_shared.h(247,1): fatal error C1189: #error:  "Architecture not supported"
  ai_hybrid.c
C:\Users\sebda\OneDrive\Desktop\OJP-Enhanced-Universe-master\source\game\q_shared.h(247,1): fatal error C1189: #error:  "Architecture not supported"
  ai_aotc.c
C:\Users\sebda\OneDrive\Desktop\OJP-Enhanced-Universe-master\source\game\q_shared.h(247,1): fatal error C1189: #error:  "Architecture not supported"
  Generating Code...
