c:\users\sebda\onedrive\desktop\ojp-enhanced-universe-master\source\final\jk2cgame\vc143.pdb
c:\users\sebda\onedrive\desktop\ojp-enhanced-universe-master\source\final\jk2cgame\cg_info.obj
c:\users\sebda\onedrive\desktop\ojp-enhanced-universe-master\source\final\jk2cgame\cg_holster.obj
c:\users\sebda\onedrive\desktop\ojp-enhanced-universe-master\source\final\jk2cgame\cg_event.obj
c:\users\sebda\onedrive\desktop\ojp-enhanced-universe-master\source\final\jk2cgame\cg_ents.obj
c:\users\sebda\onedrive\desktop\ojp-enhanced-universe-master\source\final\jk2cgame\cg_effects.obj
c:\users\sebda\onedrive\desktop\ojp-enhanced-universe-master\source\final\jk2cgame\cg_drawtools.obj
c:\users\sebda\onedrive\desktop\ojp-enhanced-universe-master\source\final\jk2cgame\cg_draw.obj
c:\users\sebda\onedrive\desktop\ojp-enhanced-universe-master\source\final\jk2cgame\cg_consolecmds.obj
c:\users\sebda\onedrive\desktop\ojp-enhanced-universe-master\source\final\jk2cgame\cg_camera.obj
c:\users\sebda\onedrive\desktop\ojp-enhanced-universe-master\source\final\jk2cgame\bg_weapons.obj
c:\users\sebda\onedrive\desktop\ojp-enhanced-universe-master\source\final\jk2cgame\bg_vehicleload.obj
c:\users\sebda\onedrive\desktop\ojp-enhanced-universe-master\source\final\jk2cgame\bg_slidemove.obj
c:\users\sebda\onedrive\desktop\ojp-enhanced-universe-master\source\final\jk2cgame\bg_saga.obj
c:\users\sebda\onedrive\desktop\ojp-enhanced-universe-master\source\final\jk2cgame\bg_saberload.obj
c:\users\sebda\onedrive\desktop\ojp-enhanced-universe-master\source\final\jk2cgame\bg_saber.obj
c:\users\sebda\onedrive\desktop\ojp-enhanced-universe-master\source\final\jk2cgame\bg_pmove.obj
c:\users\sebda\onedrive\desktop\ojp-enhanced-universe-master\source\final\jk2cgame\bg_panimate.obj
c:\users\sebda\onedrive\desktop\ojp-enhanced-universe-master\source\final\jk2cgame\bg_misc.obj
c:\users\sebda\onedrive\desktop\ojp-enhanced-universe-master\source\final\jk2cgame\bg_g2_utils.obj
c:\users\sebda\onedrive\desktop\ojp-enhanced-universe-master\source\final\jk2cgame\animalnpc.obj
c:\users\sebda\onedrive\desktop\ojp-enhanced-universe-master\source\final\jk2cgame\fx_blaster.obj
c:\users\sebda\onedrive\desktop\ojp-enhanced-universe-master\source\final\jk2cgame\fighternpc.obj
c:\users\sebda\onedrive\desktop\ojp-enhanced-universe-master\source\final\jk2cgame\cg_weapons.obj
c:\users\sebda\onedrive\desktop\ojp-enhanced-universe-master\source\final\jk2cgame\cg_weaponinit.obj
c:\users\sebda\onedrive\desktop\ojp-enhanced-universe-master\source\final\jk2cgame\cg_view.obj
c:\users\sebda\onedrive\desktop\ojp-enhanced-universe-master\source\final\jk2cgame\cg_turret.obj
c:\users\sebda\onedrive\desktop\ojp-enhanced-universe-master\source\final\jk2cgame\cg_syscalls.obj
c:\users\sebda\onedrive\desktop\ojp-enhanced-universe-master\source\final\jk2cgame\cg_strap.obj
c:\users\sebda\onedrive\desktop\ojp-enhanced-universe-master\source\final\jk2cgame\cg_snapshot.obj
c:\users\sebda\onedrive\desktop\ojp-enhanced-universe-master\source\final\jk2cgame\cg_servercmds.obj
c:\users\sebda\onedrive\desktop\ojp-enhanced-universe-master\source\final\jk2cgame\cg_scoreboard.obj
c:\users\sebda\onedrive\desktop\ojp-enhanced-universe-master\source\final\jk2cgame\cg_saga.obj
c:\users\sebda\onedrive\desktop\ojp-enhanced-universe-master\source\final\jk2cgame\cg_predict.obj
c:\users\sebda\onedrive\desktop\ojp-enhanced-universe-master\source\final\jk2cgame\cg_playerstate.obj
c:\users\sebda\onedrive\desktop\ojp-enhanced-universe-master\source\final\jk2cgame\cg_players.obj
c:\users\sebda\onedrive\desktop\ojp-enhanced-universe-master\source\final\jk2cgame\cg_newdraw.obj
c:\users\sebda\onedrive\desktop\ojp-enhanced-universe-master\source\final\jk2cgame\cg_marks.obj
c:\users\sebda\onedrive\desktop\ojp-enhanced-universe-master\source\final\jk2cgame\cg_main.obj
c:\users\sebda\onedrive\desktop\ojp-enhanced-universe-master\source\final\jk2cgame\cg_localents.obj
c:\users\sebda\onedrive\desktop\ojp-enhanced-universe-master\source\final\jk2cgame\cg_light.obj
c:\users\sebda\onedrive\desktop\ojp-enhanced-universe-master\source\final\jk2cgame\walkernpc.obj
c:\users\sebda\onedrive\desktop\ojp-enhanced-universe-master\source\final\jk2cgame\ui_shared.obj
c:\users\sebda\onedrive\desktop\ojp-enhanced-universe-master\source\final\jk2cgame\speedernpc.obj
c:\users\sebda\onedrive\desktop\ojp-enhanced-universe-master\source\final\jk2cgame\q_shared.obj
c:\users\sebda\onedrive\desktop\ojp-enhanced-universe-master\source\final\jk2cgame\q_math.obj
c:\users\sebda\onedrive\desktop\ojp-enhanced-universe-master\source\final\jk2cgame\fx_rocketlauncher.obj
c:\users\sebda\onedrive\desktop\ojp-enhanced-universe-master\source\final\jk2cgame\fx_heavyrepeater.obj
c:\users\sebda\onedrive\desktop\ojp-enhanced-universe-master\source\final\jk2cgame\fx_force.obj
c:\users\sebda\onedrive\desktop\ojp-enhanced-universe-master\source\final\jk2cgame\fx_flechette.obj
c:\users\sebda\onedrive\desktop\ojp-enhanced-universe-master\source\final\jk2cgame\fx_disruptor.obj
c:\users\sebda\onedrive\desktop\ojp-enhanced-universe-master\source\final\jk2cgame\fx_demp2.obj
c:\users\sebda\onedrive\desktop\ojp-enhanced-universe-master\source\final\jk2cgame\fx_bryarpistol.obj
c:\users\sebda\onedrive\desktop\ojp-enhanced-universe-master\source\final\jk2cgame\fx_bowcaster.obj
c:\users\sebda\onedrive\desktop\ojp-enhanced-universe-master\source\final\cgamex86.lib
c:\users\sebda\onedrive\desktop\ojp-enhanced-universe-master\source\final\cgamex86.exp
c:\users\sebda\onedrive\desktop\ojp-enhanced-universe-master\ojpenhanced\cgamex86.dll
c:\users\sebda\onedrive\desktop\ojp-enhanced-universe-master\source\final\cgamex86.map
c:\users\sebda\onedrive\desktop\ojp-enhanced-universe-master\source\final\jk2cgame\jk2cgame.tlog\cl.command.1.tlog
c:\users\sebda\onedrive\desktop\ojp-enhanced-universe-master\source\final\jk2cgame\jk2cgame.tlog\cl.read.1.tlog
c:\users\sebda\onedrive\desktop\ojp-enhanced-universe-master\source\final\jk2cgame\jk2cgame.tlog\cl.write.1.tlog
c:\users\sebda\onedrive\desktop\ojp-enhanced-universe-master\source\final\jk2cgame\jk2cgame.tlog\jk2cgame.write.1u.tlog
c:\users\sebda\onedrive\desktop\ojp-enhanced-universe-master\source\final\jk2cgame\jk2cgame.tlog\link.command.1.tlog
c:\users\sebda\onedrive\desktop\ojp-enhanced-universe-master\source\final\jk2cgame\jk2cgame.tlog\link.read.1.tlog
c:\users\sebda\onedrive\desktop\ojp-enhanced-universe-master\source\final\jk2cgame\jk2cgame.tlog\link.write.1.tlog
