  ai_aotc.c
E:\Program Files (x86)\LucasArts\Star Wars Jedi Knight Jedi Academy (III)\GameData\source\game\ai_aotc.c(936,44): warning C5287: operands are different enum types 'clientConnected_t' and 'connstate_t'; use an explicit cast to silence this warning
E:\Program Files (x86)\LucasArts\Star Wars Jedi Knight Jedi Academy (III)\GameData\source\game\ai_aotc.c(936,101): warning C5287: operands are different enum types 'clientConnected_t' and 'connstate_t'; use an explicit cast to silence this warning
E:\Program Files (x86)\LucasArts\Star Wars Jedi Knight Jedi Academy (III)\GameData\source\game\ai_aotc.c(943,44): warning C5287: operands are different enum types 'clientConnected_t' and 'connstate_t'; use an explicit cast to silence this warning
E:\Program Files (x86)\LucasArts\Star Wars Jedi Knight Jedi Academy (III)\GameData\source\game\ai_aotc.c(943,101): warning C5287: operands are different enum types 'clientConnected_t' and 'connstate_t'; use an explicit cast to silence this warning
E:\Program Files (x86)\LucasArts\Star Wars Jedi Knight Jedi Academy (III)\GameData\source\game\ai_aotc.c(3563,44): warning C5287: operands are different enum types 'clientConnected_t' and 'connstate_t'; use an explicit cast to silence this warning
E:\Program Files (x86)\LucasArts\Star Wars Jedi Knight Jedi Academy (III)\GameData\source\game\ai_aotc.c(3563,101): warning C5287: operands are different enum types 'clientConnected_t' and 'connstate_t'; use an explicit cast to silence this warning
E:\Program Files (x86)\LucasArts\Star Wars Jedi Knight Jedi Academy (III)\GameData\source\game\ai_aotc.c(3570,44): warning C5287: operands are different enum types 'clientConnected_t' and 'connstate_t'; use an explicit cast to silence this warning
E:\Program Files (x86)\LucasArts\Star Wars Jedi Knight Jedi Academy (III)\GameData\source\game\ai_aotc.c(3570,101): warning C5287: operands are different enum types 'clientConnected_t' and 'connstate_t'; use an explicit cast to silence this warning
  ai_hybrid.c
  ai_main.c
E:\Program Files (x86)\LucasArts\Star Wars Jedi Knight Jedi Academy (III)\GameData\source\game\ai_main.c(2659,8): warning C4189: 'closestDist': local variable is initialized but not referenced
E:\Program Files (x86)\LucasArts\Star Wars Jedi Knight Jedi Academy (III)\GameData\source\game\ai_main.c(2658,7): warning C4189: 'closestEnemyNum': local variable is initialized but not referenced
E:\Program Files (x86)\LucasArts\Star Wars Jedi Knight Jedi Academy (III)\GameData\source\game\ai_main.c(4604,73): warning C5287: operands are different enum types 'clientConnected_t' and 'connstate_t'; use an explicit cast to silence this warning
E:\Program Files (x86)\LucasArts\Star Wars Jedi Knight Jedi Academy (III)\GameData\source\game\ai_main.c(4604,130): warning C5287: operands are different enum types 'clientConnected_t' and 'connstate_t'; use an explicit cast to silence this warning
E:\Program Files (x86)\LucasArts\Star Wars Jedi Knight Jedi Academy (III)\GameData\source\game\ai_main.c(4627,71): warning C5287: operands are different enum types 'clientConnected_t' and 'connstate_t'; use an explicit cast to silence this warning
E:\Program Files (x86)\LucasArts\Star Wars Jedi Knight Jedi Academy (III)\GameData\source\game\ai_main.c(4627,127): warning C5287: operands are different enum types 'clientConnected_t' and 'connstate_t'; use an explicit cast to silence this warning
E:\Program Files (x86)\LucasArts\Star Wars Jedi Knight Jedi Academy (III)\GameData\source\game\ai_main.c(7405,44): warning C5287: operands are different enum types 'clientConnected_t' and 'connstate_t'; use an explicit cast to silence this warning
E:\Program Files (x86)\LucasArts\Star Wars Jedi Knight Jedi Academy (III)\GameData\source\game\ai_main.c(7405,101): warning C5287: operands are different enum types 'clientConnected_t' and 'connstate_t'; use an explicit cast to silence this warning
E:\Program Files (x86)\LucasArts\Star Wars Jedi Knight Jedi Academy (III)\GameData\source\game\ai_main.c(7413,44): warning C5287: operands are different enum types 'clientConnected_t' and 'connstate_t'; use an explicit cast to silence this warning
E:\Program Files (x86)\LucasArts\Star Wars Jedi Knight Jedi Academy (III)\GameData\source\game\ai_main.c(7413,101): warning C5287: operands are different enum types 'clientConnected_t' and 'connstate_t'; use an explicit cast to silence this warning
  ai_tab.c
  ai_util.c
E:\Program Files (x86)\LucasArts\Star Wars Jedi Knight Jedi Academy (III)\GameData\source\game\ai_util.c(958,8): warning C4456: declaration of 'skillLevel' hides previous local declaration
      E:\Program Files (x86)\LucasArts\Star Wars Jedi Knight Jedi Academy (III)\GameData\source\game\ai_util.c(801,6):
      see declaration of 'skillLevel'
  
E:\Program Files (x86)\LucasArts\Star Wars Jedi Knight Jedi Academy (III)\GameData\source\game\ai_util.c(1113,8): warning C4456: declaration of 'skillLevel' hides previous local declaration
      E:\Program Files (x86)\LucasArts\Star Wars Jedi Knight Jedi Academy (III)\GameData\source\game\ai_util.c(801,6):
      see declaration of 'skillLevel'
  
E:\Program Files (x86)\LucasArts\Star Wars Jedi Knight Jedi Academy (III)\GameData\source\game\ai_util.c(1246,8): warning C4456: declaration of 'skillLevel' hides previous local declaration
      E:\Program Files (x86)\LucasArts\Star Wars Jedi Knight Jedi Academy (III)\GameData\source\game\ai_util.c(801,6):
      see declaration of 'skillLevel'
  
E:\Program Files (x86)\LucasArts\Star Wars Jedi Knight Jedi Academy (III)\GameData\source\game\ai_util.c(1432,8): warning C4456: declaration of 'skillLevel' hides previous local declaration
      E:\Program Files (x86)\LucasArts\Star Wars Jedi Knight Jedi Academy (III)\GameData\source\game\ai_util.c(801,6):
      see declaration of 'skillLevel'
  
E:\Program Files (x86)\LucasArts\Star Wars Jedi Knight Jedi Academy (III)\GameData\source\game\ai_util.c(1580,8): warning C4456: declaration of 'skillLevel' hides previous local declaration
      E:\Program Files (x86)\LucasArts\Star Wars Jedi Knight Jedi Academy (III)\GameData\source\game\ai_util.c(801,6):
      see declaration of 'skillLevel'
  
  ai_wpnav.c
  AnimalNPC.c
  aotctc_holocron.c
E:\Program Files (x86)\LucasArts\Star Wars Jedi Knight Jedi Academy (III)\GameData\source\game\aotctc_holocron.c(250,8): warning C4456: declaration of 'lineout' hides previous local declaration
      E:\Program Files (x86)\LucasArts\Star Wars Jedi Knight Jedi Academy (III)\GameData\source\game\aotctc_holocron.c(221,9):
      see declaration of 'lineout'
  
  bg_g2_utils.c
  bg_misc.c
  bg_panimate.c
  bg_pmove.c
E:\Program Files (x86)\LucasArts\Star Wars Jedi Knight Jedi Academy (III)\GameData\source\game\bg_pmove.c(2822,12): warning C4456: declaration of 'allowFlips' hides previous local declaration
      E:\Program Files (x86)\LucasArts\Star Wars Jedi Knight Jedi Academy (III)\GameData\source\game\bg_pmove.c(2433,11):
      see declaration of 'allowFlips'
  
E:\Program Files (x86)\LucasArts\Star Wars Jedi Knight Jedi Academy (III)\GameData\source\game\bg_pmove.c(9641,7): warning C4456: declaration of 'weap' hides previous local declaration
      E:\Program Files (x86)\LucasArts\Star Wars Jedi Knight Jedi Academy (III)\GameData\source\game\bg_pmove.c(9598,6):
      see declaration of 'weap'
  
E:\Program Files (x86)\LucasArts\Star Wars Jedi Knight Jedi Academy (III)\GameData\source\game\bg_pmove.c(12375,38): warning C4459: declaration of 'pm' hides global declaration
      E:\Program Files (x86)\LucasArts\Star Wars Jedi Knight Jedi Academy (III)\GameData\source\game\bg_pmove.c(30,11):
      see declaration of 'pm'
  
E:\Program Files (x86)\LucasArts\Star Wars Jedi Knight Jedi Academy (III)\GameData\source\game\bg_pmove.c(14186,10): warning C4456: declaration of 'dif' hides previous local declaration
      E:\Program Files (x86)\LucasArts\Star Wars Jedi Knight Jedi Academy (III)\GameData\source\game\bg_pmove.c(13904,16):
      see declaration of 'dif'
  
E:\Program Files (x86)\LucasArts\Star Wars Jedi Knight Jedi Academy (III)\GameData\source\game\bg_pmove.c(14381,8): warning C4456: declaration of 'aLen' hides previous local declaration
      E:\Program Files (x86)\LucasArts\Star Wars Jedi Knight Jedi Academy (III)\GameData\source\game\bg_pmove.c(14343,7):
      see declaration of 'aLen'
  
  bg_saber.c
E:\Program Files (x86)\LucasArts\Star Wars Jedi Knight Jedi Academy (III)\GameData\source\game\bg_saber.c(1400,7): warning C4457: declaration of 'strength' hides function parameter
      E:\Program Files (x86)\LucasArts\Star Wars Jedi Knight Jedi Academy (III)\GameData\source\game\bg_saber.c(1292,70):
      see declaration of 'strength'
  
  bg_saberLoad.c
E:\Program Files (x86)\LucasArts\Star Wars Jedi Knight Jedi Academy (III)\GameData\source\game\bg_saberLoad.c(471,7): warning C4456: declaration of 'styleNum' hides previous local declaration
      E:\Program Files (x86)\LucasArts\Star Wars Jedi Knight Jedi Academy (III)\GameData\source\game\bg_saberLoad.c(384,23):
      see declaration of 'styleNum'
  
  bg_saga.c
E:\Program Files (x86)\LucasArts\Star Wars Jedi Knight Jedi Academy (III)\GameData\source\game\bg_saga.c(1293,20): warning C4456: declaration of 'i' hides previous local declaration
      E:\Program Files (x86)\LucasArts\Star Wars Jedi Knight Jedi Academy (III)\GameData\source\game\bg_saga.c(1028,6):
      see declaration of 'i'
  
  bg_slidemove.c
  bg_vehicleLoad.c
  bg_weapons.c
  FighterNPC.c
E:\Program Files (x86)\LucasArts\Star Wars Jedi Knight Jedi Academy (III)\GameData\source\game\FighterNPC.c(1032,14): warning C4457: declaration of 'parent' hides function parameter
      E:\Program Files (x86)\LucasArts\Star Wars Jedi Knight Jedi Academy (III)\GameData\source\game\FighterNPC.c(937,64):
      see declaration of 'parent'
  
  g_active.c
E:\Program Files (x86)\LucasArts\Star Wars Jedi Knight Jedi Academy (III)\GameData\source\game\g_active.c(510,46): warning C4459: declaration of 'pm' hides global declaration
      E:\Program Files (x86)\LucasArts\Star Wars Jedi Knight Jedi Academy (III)\GameData\source\game\bg_public.h(665,18):
      see declaration of 'pm'
  
E:\Program Files (x86)\LucasArts\Star Wars Jedi Knight Jedi Academy (III)\GameData\source\game\g_active.c(711,10): warning C4459: declaration of 'pm' hides global declaration
      E:\Program Files (x86)\LucasArts\Star Wars Jedi Knight Jedi Academy (III)\GameData\source\game\bg_public.h(665,18):
      see declaration of 'pm'
  
E:\Program Files (x86)\LucasArts\Star Wars Jedi Knight Jedi Academy (III)\GameData\source\game\g_active.c(2577,11): warning C4459: declaration of 'pm' hides global declaration
      E:\Program Files (x86)\LucasArts\Star Wars Jedi Knight Jedi Academy (III)\GameData\source\game\bg_public.h(665,18):
      see declaration of 'pm'
  
E:\Program Files (x86)\LucasArts\Star Wars Jedi Knight Jedi Academy (III)\GameData\source\game\g_active.c(3469,9): warning C4456: declaration of 'playerDuelShield' hides previous local declaration
      E:\Program Files (x86)\LucasArts\Star Wars Jedi Knight Jedi Academy (III)\GameData\source\game\g_active.c(3321,8):
      see declaration of 'playerDuelShield'
  
  Generating Code...
  Compiling...
  g_arenas.c
  g_autosave.c
  g_bot.c
  g_breakable.c
  g_camera.c
  g_client.c
E:\Program Files (x86)\LucasArts\Star Wars Jedi Knight Jedi Academy (III)\GameData\source\game\g_client.c(4235,10): warning C4456: declaration of 'i' hides previous local declaration
      E:\Program Files (x86)\LucasArts\Star Wars Jedi Knight Jedi Academy (III)\GameData\source\game\g_client.c(3526,10):
      see declaration of 'i'
  
E:\Program Files (x86)\LucasArts\Star Wars Jedi Knight Jedi Academy (III)\GameData\source\game\g_client.c(4553,8): warning C4456: declaration of 'i' hides previous local declaration
      E:\Program Files (x86)\LucasArts\Star Wars Jedi Knight Jedi Academy (III)\GameData\source\game\g_client.c(3526,10):
      see declaration of 'i'
  
  g_cmds.c
  g_combat.c
E:\Program Files (x86)\LucasArts\Star Wars Jedi Knight Jedi Academy (III)\GameData\source\game\g_combat.c(2735,7): warning C4456: declaration of 'i' hides previous local declaration
      E:\Program Files (x86)\LucasArts\Star Wars Jedi Knight Jedi Academy (III)\GameData\source\game\g_combat.c(2626,8):
      see declaration of 'i'
  
E:\Program Files (x86)\LucasArts\Star Wars Jedi Knight Jedi Academy (III)\GameData\source\game\g_combat.c(3530,14): warning C4459: declaration of 'client' hides global declaration
      E:\Program Files (x86)\LucasArts\Star Wars Jedi Knight Jedi Academy (III)\GameData\source\game\b_local.h(65,19):
      see declaration of 'client'
  
E:\Program Files (x86)\LucasArts\Star Wars Jedi Knight Jedi Academy (III)\GameData\source\game\g_combat.c(3608,14): warning C4456: declaration of 'i' hides previous local declaration
      E:\Program Files (x86)\LucasArts\Star Wars Jedi Knight Jedi Academy (III)\GameData\source\game\g_combat.c(2626,8):
      see declaration of 'i'
  
E:\Program Files (x86)\LucasArts\Star Wars Jedi Knight Jedi Academy (III)\GameData\source\game\g_combat.c(3756,8): warning C4456: declaration of 'i' hides previous local declaration
      E:\Program Files (x86)\LucasArts\Star Wars Jedi Knight Jedi Academy (III)\GameData\source\game\g_combat.c(2626,8):
      see declaration of 'i'
  
E:\Program Files (x86)\LucasArts\Star Wars Jedi Knight Jedi Academy (III)\GameData\source\game\g_combat.c(3797,13): warning C4459: declaration of 'client' hides global declaration
      E:\Program Files (x86)\LucasArts\Star Wars Jedi Knight Jedi Academy (III)\GameData\source\game\b_local.h(65,19):
      see declaration of 'client'
  
E:\Program Files (x86)\LucasArts\Star Wars Jedi Knight Jedi Academy (III)\GameData\source\game\g_combat.c(5726,13): warning C4459: declaration of 'client' hides global declaration
      E:\Program Files (x86)\LucasArts\Star Wars Jedi Knight Jedi Academy (III)\GameData\source\game\b_local.h(65,19):
      see declaration of 'client'
  
E:\Program Files (x86)\LucasArts\Star Wars Jedi Knight Jedi Academy (III)\GameData\source\game\g_combat.c(5733,9): warning C4189: 'hamt': local variable is initialized but not referenced
E:\Program Files (x86)\LucasArts\Star Wars Jedi Knight Jedi Academy (III)\GameData\source\game\g_combat.c(5732,9): warning C4189: 'famt': local variable is initialized but not referenced
E:\Program Files (x86)\LucasArts\Star Wars Jedi Knight Jedi Academy (III)\GameData\source\game\g_combat.c(5731,8): warning C4189: 'subamt': local variable is initialized but not referenced
  g_crash.c
  g_dynmusic.c
  g_exphysics.c
  g_ICARUScb.c
E:\Program Files (x86)\LucasArts\Star Wars Jedi Knight Jedi Academy (III)\GameData\source\game\g_ICARUScb.c(365,23): warning C4459: declaration of 'level' hides global declaration
      E:\Program Files (x86)\LucasArts\Star Wars Jedi Knight Jedi Academy (III)\GameData\source\game\g_local.h(1893,23):
      see declaration of 'level'
  
E:\Program Files (x86)\LucasArts\Star Wars Jedi Knight Jedi Academy (III)\GameData\source\game\g_ICARUScb.c(8754,24): warning C4456: declaration of 'var' hides previous local declaration
      E:\Program Files (x86)\LucasArts\Star Wars Jedi Knight Jedi Academy (III)\GameData\source\game\g_ICARUScb.c(8744,22):
      see declaration of 'var'
  
  g_items.c
E:\Program Files (x86)\LucasArts\Star Wars Jedi Knight Jedi Academy (III)\GameData\source\game\g_items.c(1634,11): warning C4189: 'saberBlocked': local variable is initialized but not referenced
  g_log.c
  g_main.c
E:\Program Files (x86)\LucasArts\Star Wars Jedi Knight Jedi Academy (III)\GameData\source\game\g_main.c(1489,7): warning C4456: declaration of 'i' hides previous local declaration
      E:\Program Files (x86)\LucasArts\Star Wars Jedi Knight Jedi Academy (III)\GameData\source\game\g_main.c(1258,10):
      see declaration of 'i'
  
E:\Program Files (x86)\LucasArts\Star Wars Jedi Knight Jedi Academy (III)\GameData\source\game\g_main.c(1518,7): warning C4456: declaration of 'i' hides previous local declaration
      E:\Program Files (x86)\LucasArts\Star Wars Jedi Knight Jedi Academy (III)\GameData\source\game\g_main.c(1258,10):
      see declaration of 'i'
  
E:\Program Files (x86)\LucasArts\Star Wars Jedi Knight Jedi Academy (III)\GameData\source\game\g_main.c(1551,7): warning C4456: declaration of 'i' hides previous local declaration
      E:\Program Files (x86)\LucasArts\Star Wars Jedi Knight Jedi Academy (III)\GameData\source\game\g_main.c(1258,10):
      see declaration of 'i'
  
E:\Program Files (x86)\LucasArts\Star Wars Jedi Knight Jedi Academy (III)\GameData\source\game\g_main.c(1678,28): warning C4459: declaration of 'level' hides global declaration
      E:\Program Files (x86)\LucasArts\Star Wars Jedi Knight Jedi Academy (III)\GameData\source\game\g_main.c(21,16):
      see declaration of 'level'
  
E:\Program Files (x86)\LucasArts\Star Wars Jedi Knight Jedi Academy (III)\GameData\source\game\g_main.c(3224,7): warning C4456: declaration of 'i' hides previous local declaration
      E:\Program Files (x86)\LucasArts\Star Wars Jedi Knight Jedi Academy (III)\GameData\source\game\g_main.c(3206,9):
      see declaration of 'i'
  
E:\Program Files (x86)\LucasArts\Star Wars Jedi Knight Jedi Academy (III)\GameData\source\game\g_main.c(4375,7): warning C4456: declaration of 'i' hides previous local declaration
      E:\Program Files (x86)\LucasArts\Star Wars Jedi Knight Jedi Academy (III)\GameData\source\game\g_main.c(4348,8):
      see declaration of 'i'
  
E:\Program Files (x86)\LucasArts\Star Wars Jedi Knight Jedi Academy (III)\GameData\source\game\g_main.c(4400,7): warning C4456: declaration of 'i' hides previous local declaration
      E:\Program Files (x86)\LucasArts\Star Wars Jedi Knight Jedi Academy (III)\GameData\source\game\g_main.c(4348,8):
      see declaration of 'i'
  
  g_mem.c
  g_misc.c
E:\Program Files (x86)\LucasArts\Star Wars Jedi Knight Jedi Academy (III)\GameData\source\game\g_misc.c(4940,14): warning C4456: declaration of 'player' hides previous local declaration
      E:\Program Files (x86)\LucasArts\Star Wars Jedi Knight Jedi Academy (III)\GameData\source\game\g_misc.c(4858,13):
      see declaration of 'player'
  
E:\Program Files (x86)\LucasArts\Star Wars Jedi Knight Jedi Academy (III)\GameData\source\game\g_misc.c(4941,7): warning C4456: declaration of 'i' hides previous local declaration
      E:\Program Files (x86)\LucasArts\Star Wars Jedi Knight Jedi Academy (III)\GameData\source\game\g_misc.c(4857,6):
      see declaration of 'i'
  
  g_missile.c
  g_mover.c
  g_nav.c
E:\Program Files (x86)\LucasArts\Star Wars Jedi Knight Jedi Academy (III)\GameData\source\game\g_nav.c(1151,11): warning C4456: declaration of 'origin' hides previous local declaration
      E:\Program Files (x86)\LucasArts\Star Wars Jedi Knight Jedi Academy (III)\GameData\source\game\g_nav.c(1119,9):
      see declaration of 'origin'
  
  Generating Code...
  Compiling...
  g_navnew.c
  g_object.c
  g_roff.c
  g_saberbeh.c
  g_saga.c
E:\Program Files (x86)\LucasArts\Star Wars Jedi Knight Jedi Academy (III)\GameData\source\game\g_saga.c(1496,14): warning C4456: declaration of 'carrier' hides previous local declaration
      E:\Program Files (x86)\LucasArts\Star Wars Jedi Knight Jedi Academy (III)\GameData\source\game\g_saga.c(1453,13):
      see declaration of 'carrier'
  
  g_session.c
  g_spawn.c
  g_strap.c
  g_svcmds.c
  g_syscalls.c
  g_target.c
  g_team.c
  g_timer.c
  g_trigger.c
  g_turret.c
  g_turret_G2.c
  g_utils.c
  g_vehicles.c
E:\Program Files (x86)\LucasArts\Star Wars Jedi Knight Jedi Academy (III)\GameData\source\game\g_vehicles.c(1711,7): warning C4456: declaration of 'i' hides previous local declaration
      E:\Program Files (x86)\LucasArts\Star Wars Jedi Knight Jedi Academy (III)\GameData\source\game\g_vehicles.c(1651,6):
      see declaration of 'i'
  
E:\Program Files (x86)\LucasArts\Star Wars Jedi Knight Jedi Academy (III)\GameData\source\game\g_vehicles.c(3149,7): warning C4457: declaration of 'deathPoint' hides function parameter
      E:\Program Files (x86)\LucasArts\Star Wars Jedi Knight Jedi Academy (III)\GameData\source\game\g_vehicles.c(3141,69):
      see declaration of 'deathPoint'
  
  g_vehicleTurret.c
  g_weapon.c
E:\Program Files (x86)\LucasArts\Star Wars Jedi Knight Jedi Academy (III)\GameData\source\game\g_weapon.c(2085,10): warning C4459: declaration of 'muzzle2' hides global declaration
      E:\Program Files (x86)\LucasArts\Star Wars Jedi Knight Jedi Academy (III)\GameData\source\game\g_weapon.c(15,17):
      see declaration of 'muzzle2'
  
E:\Program Files (x86)\LucasArts\Star Wars Jedi Knight Jedi Academy (III)\GameData\source\game\g_weapon.c(2562,10): warning C4459: declaration of 'muzzle2' hides global declaration
      E:\Program Files (x86)\LucasArts\Star Wars Jedi Knight Jedi Academy (III)\GameData\source\game\g_weapon.c(15,17):
      see declaration of 'muzzle2'
  
E:\Program Files (x86)\LucasArts\Star Wars Jedi Knight Jedi Academy (III)\GameData\source\game\g_weapon.c(3038,10): warning C4459: declaration of 'muzzle2' hides global declaration
      E:\Program Files (x86)\LucasArts\Star Wars Jedi Knight Jedi Academy (III)\GameData\source\game\g_weapon.c(15,17):
      see declaration of 'muzzle2'
  
E:\Program Files (x86)\LucasArts\Star Wars Jedi Knight Jedi Academy (III)\GameData\source\game\g_weapon.c(3514,10): warning C4459: declaration of 'muzzle2' hides global declaration
      E:\Program Files (x86)\LucasArts\Star Wars Jedi Knight Jedi Academy (III)\GameData\source\game\g_weapon.c(15,17):
      see declaration of 'muzzle2'
  
E:\Program Files (x86)\LucasArts\Star Wars Jedi Knight Jedi Academy (III)\GameData\source\game\g_weapon.c(4095,10): warning C4459: declaration of 'muzzle2' hides global declaration
      E:\Program Files (x86)\LucasArts\Star Wars Jedi Knight Jedi Academy (III)\GameData\source\game\g_weapon.c(15,17):
      see declaration of 'muzzle2'
  
E:\Program Files (x86)\LucasArts\Star Wars Jedi Knight Jedi Academy (III)\GameData\source\game\g_weapon.c(6698,10): warning C4459: declaration of 'forward' hides global declaration
      E:\Program Files (x86)\LucasArts\Star Wars Jedi Knight Jedi Academy (III)\GameData\source\game\g_weapon.c(13,15):
      see declaration of 'forward'
  
E:\Program Files (x86)\LucasArts\Star Wars Jedi Knight Jedi Academy (III)\GameData\source\game\g_weapon.c(7707,4): warning C4459: declaration of 'up' hides global declaration
      E:\Program Files (x86)\LucasArts\Star Wars Jedi Knight Jedi Academy (III)\GameData\source\game\g_weapon.c(13,32):
      see declaration of 'up'
  
E:\Program Files (x86)\LucasArts\Star Wars Jedi Knight Jedi Academy (III)\GameData\source\game\g_weapon.c(8101,6): warning C4189: 'dif': local variable is initialized but not referenced
E:\Program Files (x86)\LucasArts\Star Wars Jedi Knight Jedi Academy (III)\GameData\source\game\g_weapon.c(13323,10): warning C4459: declaration of 'muzzle2' hides global declaration
      E:\Program Files (x86)\LucasArts\Star Wars Jedi Knight Jedi Academy (III)\GameData\source\game\g_weapon.c(15,17):
      see declaration of 'muzzle2'
  
E:\Program Files (x86)\LucasArts\Star Wars Jedi Knight Jedi Academy (III)\GameData\source\game\g_weapon.c(15173,8): warning C4189: 'boxSize': local variable is initialized but not referenced
E:\Program Files (x86)\LucasArts\Star Wars Jedi Knight Jedi Academy (III)\GameData\source\game\g_weapon.c(15644,10): warning C4459: declaration of 'forward' hides global declaration
      E:\Program Files (x86)\LucasArts\Star Wars Jedi Knight Jedi Academy (III)\GameData\source\game\g_weapon.c(13,15):
      see declaration of 'forward'
  
E:\Program Files (x86)\LucasArts\Star Wars Jedi Knight Jedi Academy (III)\GameData\source\game\g_weapon.c(15644,26): warning C4459: declaration of 'up' hides global declaration
      E:\Program Files (x86)\LucasArts\Star Wars Jedi Knight Jedi Academy (III)\GameData\source\game\g_weapon.c(13,32):
      see declaration of 'up'
  
E:\Program Files (x86)\LucasArts\Star Wars Jedi Knight Jedi Academy (III)\GameData\source\game\g_weapon.c(15763,47): warning C4459: declaration of 'forward' hides global declaration
      E:\Program Files (x86)\LucasArts\Star Wars Jedi Knight Jedi Academy (III)\GameData\source\game\g_weapon.c(13,15):
      see declaration of 'forward'
  
E:\Program Files (x86)\LucasArts\Star Wars Jedi Knight Jedi Academy (III)\GameData\source\game\g_weapon.c(15763,77): warning C4459: declaration of 'up' hides global declaration
      E:\Program Files (x86)\LucasArts\Star Wars Jedi Knight Jedi Academy (III)\GameData\source\game\g_weapon.c(13,32):
      see declaration of 'up'
  
E:\Program Files (x86)\LucasArts\Star Wars Jedi Knight Jedi Academy (III)\GameData\source\game\g_weapon.c(15787,48): warning C4459: declaration of 'forward' hides global declaration
      E:\Program Files (x86)\LucasArts\Star Wars Jedi Knight Jedi Academy (III)\GameData\source\game\g_weapon.c(13,15):
      see declaration of 'forward'
  
E:\Program Files (x86)\LucasArts\Star Wars Jedi Knight Jedi Academy (III)\GameData\source\game\g_weapon.c(15787,78): warning C4459: declaration of 'up' hides global declaration
      E:\Program Files (x86)\LucasArts\Star Wars Jedi Knight Jedi Academy (III)\GameData\source\game\g_weapon.c(13,32):
      see declaration of 'up'
  
E:\Program Files (x86)\LucasArts\Star Wars Jedi Knight Jedi Academy (III)\GameData\source\game\g_weapon.c(15818,68): warning C4459: declaration of 'forward' hides global declaration
      E:\Program Files (x86)\LucasArts\Star Wars Jedi Knight Jedi Academy (III)\GameData\source\game\g_weapon.c(13,15):
      see declaration of 'forward'
  
E:\Program Files (x86)\LucasArts\Star Wars Jedi Knight Jedi Academy (III)\GameData\source\game\g_weapon.c(15818,98): warning C4459: declaration of 'up' hides global declaration
      E:\Program Files (x86)\LucasArts\Star Wars Jedi Knight Jedi Academy (III)\GameData\source\game\g_weapon.c(13,32):
      see declaration of 'up'
  
  Generating Code...
E:\Program Files (x86)\LucasArts\Star Wars Jedi Knight Jedi Academy (III)\GameData\source\game\g_weapon.c(400,1): warning C4703: potentially uninitialized local pointer variable 'missile2' used
E:\Program Files (x86)\LucasArts\Star Wars Jedi Knight Jedi Academy (III)\GameData\source\game\g_weapon.c(576,1): warning C4703: potentially uninitialized local pointer variable 'missile2' used
E:\Program Files (x86)\LucasArts\Star Wars Jedi Knight Jedi Academy (III)\GameData\source\game\g_weapon.c(1177,1): warning C4703: potentially uninitialized local pointer variable 'missile2' used
E:\Program Files (x86)\LucasArts\Star Wars Jedi Knight Jedi Academy (III)\GameData\source\game\g_weapon.c(14447,1): warning C4703: potentially uninitialized local pointer variable 'missile2' used
E:\Program Files (x86)\LucasArts\Star Wars Jedi Knight Jedi Academy (III)\GameData\source\game\g_weapon.c(14624,1): warning C4703: potentially uninitialized local pointer variable 'missile2' used
E:\Program Files (x86)\LucasArts\Star Wars Jedi Knight Jedi Academy (III)\GameData\source\game\g_weapon.c(15193,1): warning C4703: potentially uninitialized local pointer variable 'missile2' used
  Compiling...
  NPC.c
  NPC_AI_AssassinDroid.c
  NPC_AI_Atst.c
  NPC_AI_Civilian.c
  NPC_AI_Default.c
E:\Program Files (x86)\LucasArts\Star Wars Jedi Knight Jedi Academy (III)\GameData\source\game\NPC_AI_Default.c(87,45): warning C4459: declaration of 'NPC' hides global declaration
      E:\Program Files (x86)\LucasArts\Star Wars Jedi Knight Jedi Academy (III)\GameData\source\game\b_local.h(63,19):
      see declaration of 'NPC'
  
  NPC_AI_Droid.c
  NPC_AI_GalakMech.c
  NPC_AI_Grenadier.c
  NPC_AI_Howler.c
E:\Program Files (x86)\LucasArts\Star Wars Jedi Knight Jedi Academy (III)\GameData\source\game\NPC_AI_Howler.c(475,11): warning C4456: declaration of 'fwd' hides previous local declaration
      E:\Program Files (x86)\LucasArts\Star Wars Jedi Knight Jedi Academy (III)\GameData\source\game\NPC_AI_Howler.c(457,9):
      see declaration of 'fwd'
  
  NPC_AI_ImperialProbe.c
  NPC_AI_Interrogator.c
  NPC_AI_Jedi.c
E:\Program Files (x86)\LucasArts\Star Wars Jedi Knight Jedi Academy (III)\GameData\source\game\NPC_AI_Jedi.c(3459,11): warning C4456: declaration of 'fwdAngles' hides previous local declaration
      E:\Program Files (x86)\LucasArts\Star Wars Jedi Knight Jedi Academy (III)\GameData\source\game\NPC_AI_Jedi.c(3379,43):
      see declaration of 'fwdAngles'
  
E:\Program Files (x86)\LucasArts\Star Wars Jedi Knight Jedi Academy (III)\GameData\source\game\NPC_AI_Jedi.c(3515,13): warning C4456: declaration of 'parts' hides previous local declaration
      E:\Program Files (x86)\LucasArts\Star Wars Jedi Knight Jedi Academy (III)\GameData\source\game\NPC_AI_Jedi.c(3381,7):
      see declaration of 'parts'
  
E:\Program Files (x86)\LucasArts\Star Wars Jedi Knight Jedi Academy (III)\GameData\source\game\NPC_AI_Jedi.c(3603,11): warning C4456: declaration of 'parts' hides previous local declaration
      E:\Program Files (x86)\LucasArts\Star Wars Jedi Knight Jedi Academy (III)\GameData\source\game\NPC_AI_Jedi.c(3381,7):
      see declaration of 'parts'
  
  NPC_AI_Mark1.c
  NPC_AI_Mark2.c
  NPC_AI_MineMonster.c
  NPC_AI_Rancor.c
  NPC_AI_Remote.c
  NPC_AI_RocketTrooper.c
  NPC_AI_SaberDroid.c
  NPC_AI_Sand_creature.c
  Generating Code...
  Compiling...
  NPC_AI_Seeker.c
  NPC_AI_Sentry.c
  NPC_AI_Sniper.c
  NPC_AI_Stormtrooper.c
E:\Program Files (x86)\LucasArts\Star Wars Jedi Knight Jedi Academy (III)\GameData\source\game\NPC_AI_Stormtrooper.c(2392,10): warning C4456: declaration of 'i' hides previous local declaration
      E:\Program Files (x86)\LucasArts\Star Wars Jedi Knight Jedi Academy (III)\GameData\source\game\NPC_AI_Stormtrooper.c(2127,8):
      see declaration of 'i'
  
  NPC_AI_Utils.c
  NPC_AI_Wampa.c
  NPC_behavior.c
  NPC_combat.c
E:\Program Files (x86)\LucasArts\Star Wars Jedi Knight Jedi Academy (III)\GameData\source\game\NPC_combat.c(84,49): warning C5287: operands are different enum types 'npcteam_t' and 'team_t'; use an explicit cast to silence this warning
E:\Program Files (x86)\LucasArts\Star Wars Jedi Knight Jedi Academy (III)\GameData\source\game\NPC_combat.c(1976,33): warning C5287: operands are different enum types 'npcteam_t' and 'team_t'; use an explicit cast to silence this warning
E:\Program Files (x86)\LucasArts\Star Wars Jedi Knight Jedi Academy (III)\GameData\source\game\NPC_combat.c(1982,31): warning C5287: operands are different enum types 'npcteam_t' and 'team_t'; use an explicit cast to silence this warning
E:\Program Files (x86)\LucasArts\Star Wars Jedi Knight Jedi Academy (III)\GameData\source\game\NPC_combat.c(1985,33): warning C5287: operands are different enum types 'npcteam_t' and 'team_t'; use an explicit cast to silence this warning
E:\Program Files (x86)\LucasArts\Star Wars Jedi Knight Jedi Academy (III)\GameData\source\game\NPC_combat.c(2751,31): warning C5287: operands are different enum types 'npcteam_t' and 'team_t'; use an explicit cast to silence this warning
  NPC_goal.c
  NPC_misc.c
  NPC_move.c
  NPC_reactions.c
  NPC_senses.c
  NPC_sounds.c
  NPC_spawn.c
E:\Program Files (x86)\LucasArts\Star Wars Jedi Knight Jedi Academy (III)\GameData\source\game\NPC_spawn.c(97,34): warning C4459: declaration of 'client' hides global declaration
      E:\Program Files (x86)\LucasArts\Star Wars Jedi Knight Jedi Academy (III)\GameData\source\game\b_local.h(65,19):
      see declaration of 'client'
  
E:\Program Files (x86)\LucasArts\Star Wars Jedi Knight Jedi Academy (III)\GameData\source\game\NPC_spawn.c(1664,13): warning C4459: declaration of 'client' hides global declaration
      E:\Program Files (x86)\LucasArts\Star Wars Jedi Knight Jedi Academy (III)\GameData\source\game\b_local.h(65,19):
      see declaration of 'client'
  
E:\Program Files (x86)\LucasArts\Star Wars Jedi Knight Jedi Academy (III)\GameData\source\game\NPC_spawn.c(1665,12): warning C4459: declaration of 'ucmd' hides global declaration
      E:\Program Files (x86)\LucasArts\Star Wars Jedi Knight Jedi Academy (III)\GameData\source\game\b_local.h(66,18):
      see declaration of 'ucmd'
  
E:\Program Files (x86)\LucasArts\Star Wars Jedi Knight Jedi Academy (III)\GameData\source\game\NPC_spawn.c(5422,37): warning C5287: operands are different enum types 'npcteam_t' and 'team_t'; use an explicit cast to silence this warning
E:\Program Files (x86)\LucasArts\Star Wars Jedi Knight Jedi Academy (III)\GameData\source\game\NPC_spawn.c(5496,14): warning C4457: declaration of 'ent' hides function parameter
      E:\Program Files (x86)\LucasArts\Star Wars Jedi Knight Jedi Academy (III)\GameData\source\game\NPC_spawn.c(5466,28):
      see declaration of 'ent'
  
  NPC_stats.c
E:\Program Files (x86)\LucasArts\Star Wars Jedi Knight Jedi Academy (III)\GameData\source\game\NPC_stats.c(1049,58): warning C4459: declaration of 'NPC' hides global declaration
      E:\Program Files (x86)\LucasArts\Star Wars Jedi Knight Jedi Academy (III)\GameData\source\game\b_local.h(63,19):
      see declaration of 'NPC'
  
  NPC_utils.c
  NPC_Vehicle.c
  q_math.c
  q_shared.c
  Generating Code...
  Compiling...
  SpeederNPC.c
  tri_coll_test.c
E:\Program Files (x86)\LucasArts\Star Wars Jedi Knight Jedi Academy (III)\GameData\source\game\tri_coll_test.c(287,3): warning C4456: declaration of 'c' hides previous local declaration
      E:\Program Files (x86)\LucasArts\Star Wars Jedi Knight Jedi Academy (III)\GameData\source\game\tri_coll_test.c(211,11):
      see declaration of 'c'
  
E:\Program Files (x86)\LucasArts\Star Wars Jedi Knight Jedi Academy (III)\GameData\source\game\tri_coll_test.c(288,3): warning C4456: declaration of 'c' hides previous local declaration
      E:\Program Files (x86)\LucasArts\Star Wars Jedi Knight Jedi Academy (III)\GameData\source\game\tri_coll_test.c(211,11):
      see declaration of 'c'
  
  w_force.c
E:\Program Files (x86)\LucasArts\Star Wars Jedi Knight Jedi Academy (III)\GameData\source\game\w_force.c(4150,6): warning C4456: declaration of 'dmg' hides previous local declaration
      E:\Program Files (x86)\LucasArts\Star Wars Jedi Knight Jedi Academy (III)\GameData\source\game\w_force.c(4122,6):
      see declaration of 'dmg'
  
E:\Program Files (x86)\LucasArts\Star Wars Jedi Knight Jedi Academy (III)\GameData\source\game\w_force.c(4154,6): warning C4456: declaration of 'modPowerLevel' hides previous local declaration
      E:\Program Files (x86)\LucasArts\Star Wars Jedi Knight Jedi Academy (III)\GameData\source\game\w_force.c(4121,6):
      see declaration of 'modPowerLevel'
  
E:\Program Files (x86)\LucasArts\Star Wars Jedi Knight Jedi Academy (III)\GameData\source\game\w_force.c(4120,6): warning C4189: 'poweradd': local variable is initialized but not referenced
E:\Program Files (x86)\LucasArts\Star Wars Jedi Knight Jedi Academy (III)\GameData\source\game\w_force.c(4123,13): warning C4189: 'te': local variable is initialized but not referenced
E:\Program Files (x86)\LucasArts\Star Wars Jedi Knight Jedi Academy (III)\GameData\source\game\w_force.c(4122,6): warning C4189: 'dmg': local variable is initialized but not referenced
E:\Program Files (x86)\LucasArts\Star Wars Jedi Knight Jedi Academy (III)\GameData\source\game\w_force.c(4121,6): warning C4189: 'modPowerLevel': local variable is initialized but not referenced
E:\Program Files (x86)\LucasArts\Star Wars Jedi Knight Jedi Academy (III)\GameData\source\game\w_force.c(5161,51): warning C4459: declaration of 'ucmd' hides global declaration
      E:\Program Files (x86)\LucasArts\Star Wars Jedi Knight Jedi Academy (III)\GameData\source\game\b_local.h(66,18):
      see declaration of 'ucmd'
  
E:\Program Files (x86)\LucasArts\Star Wars Jedi Knight Jedi Academy (III)\GameData\source\game\w_force.c(5221,77): warning C4459: declaration of 'ucmd' hides global declaration
      E:\Program Files (x86)\LucasArts\Star Wars Jedi Knight Jedi Academy (III)\GameData\source\game\b_local.h(66,18):
      see declaration of 'ucmd'
  
E:\Program Files (x86)\LucasArts\Star Wars Jedi Knight Jedi Academy (III)\GameData\source\game\w_force.c(5306,45): warning C4459: declaration of 'ucmd' hides global declaration
      E:\Program Files (x86)\LucasArts\Star Wars Jedi Knight Jedi Academy (III)\GameData\source\game\b_local.h(66,18):
      see declaration of 'ucmd'
  
E:\Program Files (x86)\LucasArts\Star Wars Jedi Knight Jedi Academy (III)\GameData\source\game\w_force.c(5930,6): warning C4189: 'modPowerLevel': local variable is initialized but not referenced
E:\Program Files (x86)\LucasArts\Star Wars Jedi Knight Jedi Academy (III)\GameData\source\game\w_force.c(6142,6): warning C4189: 'modPowerLevel': local variable is initialized but not referenced
E:\Program Files (x86)\LucasArts\Star Wars Jedi Knight Jedi Academy (III)\GameData\source\game\w_force.c(9575,47): warning C4459: declaration of 'client' hides global declaration
      E:\Program Files (x86)\LucasArts\Star Wars Jedi Knight Jedi Academy (III)\GameData\source\game\b_local.h(65,19):
      see declaration of 'client'
  
E:\Program Files (x86)\LucasArts\Star Wars Jedi Knight Jedi Academy (III)\GameData\source\game\w_force.c(9621,51): warning C4459: declaration of 'client' hides global declaration
      E:\Program Files (x86)\LucasArts\Star Wars Jedi Knight Jedi Academy (III)\GameData\source\game\b_local.h(65,19):
      see declaration of 'client'
  
E:\Program Files (x86)\LucasArts\Star Wars Jedi Knight Jedi Academy (III)\GameData\source\game\w_force.c(10189,53): warning C4459: declaration of 'ucmd' hides global declaration
      E:\Program Files (x86)\LucasArts\Star Wars Jedi Knight Jedi Academy (III)\GameData\source\game\b_local.h(66,18):
      see declaration of 'ucmd'
  
E:\Program Files (x86)\LucasArts\Star Wars Jedi Knight Jedi Academy (III)\GameData\source\game\w_force.c(10522,6): warning C4456: declaration of 'dmg' hides previous local declaration
      E:\Program Files (x86)\LucasArts\Star Wars Jedi Knight Jedi Academy (III)\GameData\source\game\w_force.c(10507,6):
      see declaration of 'dmg'
  
E:\Program Files (x86)\LucasArts\Star Wars Jedi Knight Jedi Academy (III)\GameData\source\game\w_force.c(10526,6): warning C4456: declaration of 'modPowerLevel' hides previous local declaration
      E:\Program Files (x86)\LucasArts\Star Wars Jedi Knight Jedi Academy (III)\GameData\source\game\w_force.c(10509,6):
      see declaration of 'modPowerLevel'
  
E:\Program Files (x86)\LucasArts\Star Wars Jedi Knight Jedi Academy (III)\GameData\source\game\w_force.c(10508,6): warning C4189: 'poweradd': local variable is initialized but not referenced
E:\Program Files (x86)\LucasArts\Star Wars Jedi Knight Jedi Academy (III)\GameData\source\game\w_force.c(10510,13): warning C4189: 'te': local variable is initialized but not referenced
E:\Program Files (x86)\LucasArts\Star Wars Jedi Knight Jedi Academy (III)\GameData\source\game\w_force.c(10507,6): warning C4189: 'dmg': local variable is initialized but not referenced
E:\Program Files (x86)\LucasArts\Star Wars Jedi Knight Jedi Academy (III)\GameData\source\game\w_force.c(10509,6): warning C4189: 'modPowerLevel': local variable is initialized but not referenced
E:\Program Files (x86)\LucasArts\Star Wars Jedi Knight Jedi Academy (III)\GameData\source\game\w_force.c(10714,6): warning C4456: declaration of 'dmg' hides previous local declaration
      E:\Program Files (x86)\LucasArts\Star Wars Jedi Knight Jedi Academy (III)\GameData\source\game\w_force.c(10699,6):
      see declaration of 'dmg'
  
E:\Program Files (x86)\LucasArts\Star Wars Jedi Knight Jedi Academy (III)\GameData\source\game\w_force.c(10718,6): warning C4456: declaration of 'modPowerLevel' hides previous local declaration
      E:\Program Files (x86)\LucasArts\Star Wars Jedi Knight Jedi Academy (III)\GameData\source\game\w_force.c(10701,6):
      see declaration of 'modPowerLevel'
  
E:\Program Files (x86)\LucasArts\Star Wars Jedi Knight Jedi Academy (III)\GameData\source\game\w_force.c(10700,6): warning C4189: 'poweradd': local variable is initialized but not referenced
E:\Program Files (x86)\LucasArts\Star Wars Jedi Knight Jedi Academy (III)\GameData\source\game\w_force.c(10702,13): warning C4189: 'te': local variable is initialized but not referenced
E:\Program Files (x86)\LucasArts\Star Wars Jedi Knight Jedi Academy (III)\GameData\source\game\w_force.c(10699,6): warning C4189: 'dmg': local variable is initialized but not referenced
E:\Program Files (x86)\LucasArts\Star Wars Jedi Knight Jedi Academy (III)\GameData\source\game\w_force.c(10701,6): warning C4189: 'modPowerLevel': local variable is initialized but not referenced
E:\Program Files (x86)\LucasArts\Star Wars Jedi Knight Jedi Academy (III)\GameData\source\game\w_force.c(11417,56): warning C4459: declaration of 'ucmd' hides global declaration
      E:\Program Files (x86)\LucasArts\Star Wars Jedi Knight Jedi Academy (III)\GameData\source\game\b_local.h(66,18):
      see declaration of 'ucmd'
  
E:\Program Files (x86)\LucasArts\Star Wars Jedi Knight Jedi Academy (III)\GameData\source\game\w_force.c(12281,7): warning C4210: nonstandard extension used: function given file scope
E:\Program Files (x86)\LucasArts\Star Wars Jedi Knight Jedi Academy (III)\GameData\source\game\w_force.c(12282,11): warning C4210: nonstandard extension used: function given file scope
E:\Program Files (x86)\LucasArts\Star Wars Jedi Knight Jedi Academy (III)\GameData\source\game\w_force.c(12389,7): warning C4210: nonstandard extension used: function given file scope
E:\Program Files (x86)\LucasArts\Star Wars Jedi Knight Jedi Academy (III)\GameData\source\game\w_force.c(12390,13): warning C4210: nonstandard extension used: function given file scope
E:\Program Files (x86)\LucasArts\Star Wars Jedi Knight Jedi Academy (III)\GameData\source\game\w_force.c(12391,13): warning C4210: nonstandard extension used: function given file scope
  w_saber.c
E:\Program Files (x86)\LucasArts\Star Wars Jedi Knight Jedi Academy (III)\GameData\source\game\w_saber.c(2699,6): warning C4189: 'peakDif': local variable is initialized but not referenced
  WalkerNPC.c
  Generating Code...
     Creating library .\../Final/jampgamex86.lib and object .\../Final/jampgamex86.exp
  JK2_game.vcxproj -> E:\Program Files (x86)\LucasArts\Star Wars Jedi Knight Jedi Academy (III)\GameData\ojpenhanced\jampgamex86.dll
