  bg_misc.c
  bg_saga.c
  bg_vehicleLoad.c
  bg_weapons.c
  q_math.c
  q_shared.c
  ui_atoms.c
E:\Program Files (x86)\LucasArts\Star Wars Jedi Knight Jedi Academy (III)\GameData\source\game\bg_saga.c(1293,20): warning C4456: declaration of 'i' hides previous local declaration
      E:\Program Files (x86)\LucasArts\Star Wars Jedi Knight Jedi Academy (III)\GameData\source\game\bg_saga.c(1028,6):
      see declaration of 'i'
  
  ui_force.c
E:\Program Files (x86)\LucasArts\Star Wars Jedi Knight Jedi Academy (III)\GameData\source\ui\ui_force.c(660,7): warning C4456: declaration of 'i' hides previous local declaration
      E:\Program Files (x86)\LucasArts\Star Wars Jedi Knight Jedi Academy (III)\GameData\source\ui\ui_force.c(276,39):
      see declaration of 'i'
  
  ui_gameinfo.c
  ui_main.c
E:\Program Files (x86)\LucasArts\Star Wars Jedi Knight Jedi Academy (III)\GameData\source\ui\ui_main.c(496,7): warning C4459: declaration of 'ui_siegeInfo' hides global declaration
      E:\Program Files (x86)\LucasArts\Star Wars Jedi Knight Jedi Academy (III)\GameData\source\ui\ui_local.h(82,17):
      see declaration of 'ui_siegeInfo'
  
E:\Program Files (x86)\LucasArts\Star Wars Jedi Knight Jedi Academy (III)\GameData\source\ui\ui_main.c(535,7): warning C4459: declaration of 'ui_siegeInfo' hides global declaration
      E:\Program Files (x86)\LucasArts\Star Wars Jedi Knight Jedi Academy (III)\GameData\source\ui\ui_local.h(82,17):
      see declaration of 'ui_siegeInfo'
  
E:\Program Files (x86)\LucasArts\Star Wars Jedi Knight Jedi Academy (III)\GameData\source\ui\ui_main.c(562,7): warning C4459: declaration of 'ui_siegeInfo' hides global declaration
      E:\Program Files (x86)\LucasArts\Star Wars Jedi Knight Jedi Academy (III)\GameData\source\ui\ui_local.h(82,17):
      see declaration of 'ui_siegeInfo'
  
E:\Program Files (x86)\LucasArts\Star Wars Jedi Knight Jedi Academy (III)\GameData\source\ui\ui_main.c(5640,6): warning C4189: 'gameType': local variable is initialized but not referenced
E:\Program Files (x86)\LucasArts\Star Wars Jedi Knight Jedi Academy (III)\GameData\source\ui\ui_main.c(5842,14): warning C4456: declaration of 'item' hides previous local declaration
      E:\Program Files (x86)\LucasArts\Star Wars Jedi Knight Jedi Academy (III)\GameData\source\ui\ui_main.c(5824,13):
      see declaration of 'item'
  
E:\Program Files (x86)\LucasArts\Star Wars Jedi Knight Jedi Academy (III)\GameData\source\ui\ui_main.c(5851,14): warning C4456: declaration of 'item' hides previous local declaration
      E:\Program Files (x86)\LucasArts\Star Wars Jedi Knight Jedi Academy (III)\GameData\source\ui\ui_main.c(5824,13):
      see declaration of 'item'
  
E:\Program Files (x86)\LucasArts\Star Wars Jedi Knight Jedi Academy (III)\GameData\source\ui\ui_main.c(6276,18): warning C4456: declaration of 'listPtr' hides previous local declaration
      E:\Program Files (x86)\LucasArts\Star Wars Jedi Knight Jedi Academy (III)\GameData\source\ui\ui_main.c(6267,16):
      see declaration of 'listPtr'
  
E:\Program Files (x86)\LucasArts\Star Wars Jedi Knight Jedi Academy (III)\GameData\source\ui\ui_main.c(6731,10): warning C4456: declaration of 'name' hides previous local declaration
      E:\Program Files (x86)\LucasArts\Star Wars Jedi Knight Jedi Academy (III)\GameData\source\ui\ui_main.c(6370,14):
      see declaration of 'name'
  
E:\Program Files (x86)\LucasArts\Star Wars Jedi Knight Jedi Academy (III)\GameData\source\ui\ui_main.c(6784,10): warning C4456: declaration of 'name' hides previous local declaration
      E:\Program Files (x86)\LucasArts\Star Wars Jedi Knight Jedi Academy (III)\GameData\source\ui\ui_main.c(6370,14):
      see declaration of 'name'
  
E:\Program Files (x86)\LucasArts\Star Wars Jedi Knight Jedi Academy (III)\GameData\source\ui\ui_main.c(9367,9): warning C4456: declaration of 'i' hides previous local declaration
      E:\Program Files (x86)\LucasArts\Star Wars Jedi Knight Jedi Academy (III)\GameData\source\ui\ui_main.c(9330,15):
      see declaration of 'i'
  
E:\Program Files (x86)\LucasArts\Star Wars Jedi Knight Jedi Academy (III)\GameData\source\ui\ui_main.c(9882,14): warning C4457: declaration of 'item' hides function parameter
      E:\Program Files (x86)\LucasArts\Star Wars Jedi Knight Jedi Academy (III)\GameData\source\ui\ui_main.c(9860,70):
      see declaration of 'item'
  
E:\Program Files (x86)\LucasArts\Star Wars Jedi Knight Jedi Academy (III)\GameData\source\ui\ui_main.c(9961,14): warning C4457: declaration of 'item' hides function parameter
      E:\Program Files (x86)\LucasArts\Star Wars Jedi Knight Jedi Academy (III)\GameData\source\ui\ui_main.c(9860,70):
      see declaration of 'item'
  
  ui_saber.c
E:\Program Files (x86)\LucasArts\Star Wars Jedi Knight Jedi Academy (III)\GameData\source\ui\ui_saber.c(817,7): warning C4456: declaration of 'i' hides previous local declaration
      E:\Program Files (x86)\LucasArts\Star Wars Jedi Knight Jedi Academy (III)\GameData\source\ui\ui_saber.c(688,6):
      see declaration of 'i'
  
  ui_shared.c
E:\Program Files (x86)\LucasArts\Star Wars Jedi Knight Jedi Academy (III)\GameData\source\ui\ui_shared.c(5482,15): warning C4456: declaration of 'modelPtr' hides previous local declaration
      E:\Program Files (x86)\LucasArts\Star Wars Jedi Knight Jedi Academy (III)\GameData\source\ui\ui_shared.c(5471,14):
      see declaration of 'modelPtr'
  
E:\Program Files (x86)\LucasArts\Star Wars Jedi Knight Jedi Academy (III)\GameData\source\ui\ui_shared.c(6121,14): warning C4456: declaration of 'parent' hides previous local declaration
      E:\Program Files (x86)\LucasArts\Star Wars Jedi Knight Jedi Academy (III)\GameData\source\ui\ui_shared.c(6112,14):
      see declaration of 'parent'
  
E:\Program Files (x86)\LucasArts\Star Wars Jedi Knight Jedi Academy (III)\GameData\source\ui\ui_shared.c(6677,9): warning C4456: declaration of 'color' hides previous local declaration
      E:\Program Files (x86)\LucasArts\Star Wars Jedi Knight Jedi Academy (III)\GameData\source\ui\ui_shared.c(6179,10):
      see declaration of 'color'
  
  ui_syscalls.c
  Generating Code...
     Creating library .\../Final/uix86.lib and object .\../Final/uix86.exp
  ui.vcxproj -> E:\Program Files (x86)\LucasArts\Star Wars Jedi Knight Jedi Academy (III)\GameData\ojpenhanced\uix86.dll
