e:\program files (x86)\lucasarts\star wars jedi knight jedi academy (iii)\gamedata\source\final\ui\vc143.pdb
e:\program files (x86)\lucasarts\star wars jedi knight jedi academy (iii)\gamedata\source\final\ui\ui_syscalls.obj
e:\program files (x86)\lucasarts\star wars jedi knight jedi academy (iii)\gamedata\source\final\ui\ui_shared.obj
e:\program files (x86)\lucasarts\star wars jedi knight jedi academy (iii)\gamedata\source\final\ui\ui_saber.obj
e:\program files (x86)\lucasarts\star wars jedi knight jedi academy (iii)\gamedata\source\final\ui\ui_main.obj
e:\program files (x86)\lucasarts\star wars jedi knight jedi academy (iii)\gamedata\source\final\ui\ui_gameinfo.obj
e:\program files (x86)\lucasarts\star wars jedi knight jedi academy (iii)\gamedata\source\final\ui\ui_force.obj
e:\program files (x86)\lucasarts\star wars jedi knight jedi academy (iii)\gamedata\source\final\ui\ui_atoms.obj
e:\program files (x86)\lucasarts\star wars jedi knight jedi academy (iii)\gamedata\source\final\ui\q_shared.obj
e:\program files (x86)\lucasarts\star wars jedi knight jedi academy (iii)\gamedata\source\final\ui\q_math.obj
e:\program files (x86)\lucasarts\star wars jedi knight jedi academy (iii)\gamedata\source\final\ui\bg_weapons.obj
e:\program files (x86)\lucasarts\star wars jedi knight jedi academy (iii)\gamedata\source\final\ui\bg_vehicleload.obj
e:\program files (x86)\lucasarts\star wars jedi knight jedi academy (iii)\gamedata\source\final\ui\bg_saga.obj
e:\program files (x86)\lucasarts\star wars jedi knight jedi academy (iii)\gamedata\source\final\ui\bg_misc.obj
e:\program files (x86)\lucasarts\star wars jedi knight jedi academy (iii)\gamedata\ojpenhanced\uix86.dll
e:\program files (x86)\lucasarts\star wars jedi knight jedi academy (iii)\gamedata\source\final\uix86.map
e:\program files (x86)\lucasarts\star wars jedi knight jedi academy (iii)\gamedata\source\final\uix86.lib
e:\program files (x86)\lucasarts\star wars jedi knight jedi academy (iii)\gamedata\source\final\uix86.exp
e:\program files (x86)\lucasarts\star wars jedi knight jedi academy (iii)\gamedata\source\final\ui\ui.tlog\cl.command.1.tlog
e:\program files (x86)\lucasarts\star wars jedi knight jedi academy (iii)\gamedata\source\final\ui\ui.tlog\cl.read.1.tlog
e:\program files (x86)\lucasarts\star wars jedi knight jedi academy (iii)\gamedata\source\final\ui\ui.tlog\cl.write.1.tlog
e:\program files (x86)\lucasarts\star wars jedi knight jedi academy (iii)\gamedata\source\final\ui\ui.tlog\link.command.1.tlog
e:\program files (x86)\lucasarts\star wars jedi knight jedi academy (iii)\gamedata\source\final\ui\ui.tlog\link.read.1.tlog
e:\program files (x86)\lucasarts\star wars jedi knight jedi academy (iii)\gamedata\source\final\ui\ui.tlog\link.write.1.tlog
e:\program files (x86)\lucasarts\star wars jedi knight jedi academy (iii)\gamedata\source\final\ui\ui.tlog\ui.write.1u.tlog
